<?xml version="1.0" encoding="UTF-8"?>
<!-- Generated by org.testng.reporters.JUnitReportReporter -->
<testsuite skipped="0" hostname="RajasekharaReddy" name="Config.StartBrowser" tests="1" failures="0" timestamp="2020-06-28T10:32:49 IST" time="0.007" errors="0">
  <testcase name="f" time="0.007" classname="Config.StartBrowser"/>
  <system-out/>
</testsuite> <!-- Config.StartBrowser -->
