<?xml version="1.0" encoding="UTF-8"?>
<!-- Generated by org.testng.reporters.JUnitReportReporter -->
<testsuite hostname="RajasekharaReddy" failures="0" tests="1" name="Takescrenshot.WebElementScreenshot" time="10.842" errors="0" timestamp="2020-08-01T01:16:32 IST" skipped="0">
  <testcase classname="Takescrenshot.WebElementScreenshot" name="elementscreenshot" time="10.842"/>
  <system-out/>
</testsuite> <!-- Takescrenshot.WebElementScreenshot -->
