<?xml version="1.0" encoding="UTF-8"?>
<!-- Generated by org.testng.reporters.JUnitReportReporter -->
<testsuite hostname="RajasekharaReddy" failures="0" tests="4" name="OrangeHRM_Login.Login" time="4.458" errors="0" timestamp="2020-07-30T22:29:42 IST" skipped="0">
  <testcase classname="OrangeHRM_Login.Login" name="loginApp" time="0.807"/>
  <system-out/>
  <testcase classname="OrangeHRM_Login.Login" name="loginApp" time="1.263"/>
  <system-out/>
  <testcase classname="OrangeHRM_Login.Login" name="loginApp" time="1.429"/>
  <system-out/>
  <testcase classname="OrangeHRM_Login.Login" name="loginApp" time="0.959"/>
  <system-out/>
</testsuite> <!-- OrangeHRM_Login.Login -->
