<?xml version="1.0" encoding="UTF-8"?>
<!-- Generated by org.testng.reporters.JUnitReportReporter -->
<testsuite hostname="RajasekharaReddy" failures="0" tests="2" name="Takescrenshot.TakeScreenshotstype1" time="29.308" errors="0" timestamp="2020-07-31T15:26:27 IST" skipped="0">
  <testcase classname="Takescrenshot.TakeScreenshotstype1" name="webpagesearch2" time="14.152"/>
  <system-out/>
  <testcase classname="Takescrenshot.TakeScreenshotstype1" name="webpagesearch1" time="15.156"/>
  <system-out/>
</testsuite> <!-- Takescrenshot.TakeScreenshotstype1 -->
