<?xml version="1.0" encoding="UTF-8"?>
<!-- Generated by org.testng.reporters.JUnitReportReporter -->
<testsuite hostname="RajasekharaReddy" failures="0" tests="1" name="TestNGparallelTesting.TestngParalleTestingClasses" time="0.004" errors="0" timestamp="2020-07-30T14:06:29 IST" skipped="0">
  <testcase classname="TestNGparallelTesting.TestngParalleTestingClasses" name="m2" time="0.004"/>
  <system-out/>
</testsuite> <!-- TestNGparallelTesting.TestngParalleTestingClasses -->
