<?xml version="1.0" encoding="UTF-8"?>
<!-- Generated by org.testng.reporters.JUnitReportReporter -->
<testsuite hostname="RajasekharaReddy" failures="0" tests="2" name="TestNGparallelTesting.TestngParalleTestingmethods" time="16.690" errors="0" timestamp="2020-07-30T14:06:29 IST" skipped="0">
  <testcase classname="TestNGparallelTesting.TestngParalleTestingmethods" name="setup2" time="8.703"/>
  <system-out/>
  <testcase classname="TestNGparallelTesting.TestngParalleTestingmethods" name="setup" time="7.987"/>
  <system-out/>
</testsuite> <!-- TestNGparallelTesting.TestngParalleTestingmethods -->
