<?xml version="1.0" encoding="UTF-8"?>
<!-- Generated by org.testng.reporters.JUnitReportReporter -->
<testsuite hostname="RajasekharaReddy" failures="0" tests="6" name="TestNGparallelTesting.TestngParalleTestingA" time="51.206" errors="0" timestamp="2020-07-30T12:08:36 IST" skipped="0">
  <testcase classname="TestNGparallelTesting.TestngParalleTestingA" name="setup" time="8.647"/>
  <system-out/>
  <testcase classname="TestNGparallelTesting.TestngParalleTestingA" name="setup2" time="8.153"/>
  <system-out/>
  <testcase classname="TestNGparallelTesting.TestngParalleTestingA" name="setup" time="9.781"/>
  <system-out/>
  <testcase classname="TestNGparallelTesting.TestngParalleTestingA" name="setup2" time="7.831"/>
  <system-out/>
  <testcase classname="TestNGparallelTesting.TestngParalleTestingA" name="setup" time="8.096"/>
  <system-out/>
  <testcase classname="TestNGparallelTesting.TestngParalleTestingA" name="setup2" time="8.698"/>
  <system-out/>
</testsuite> <!-- TestNGparallelTesting.TestngParalleTestingA -->
