<?xml version="1.0" encoding="UTF-8"?>
<!-- Generated by org.testng.reporters.JUnitReportReporter -->
<testsuite hostname="RajasekharaReddy" failures="0" tests="1" name="TestNGparallelTesting.TestngParalleTestingC" time="0.005" errors="0" timestamp="2020-07-30T14:06:29 IST" skipped="0">
  <testcase classname="TestNGparallelTesting.TestngParalleTestingC" name="m3" time="0.005"/>
  <system-out/>
</testsuite> <!-- TestNGparallelTesting.TestngParalleTestingC -->
