<?xml version="1.0" encoding="UTF-8"?>
<!-- Generated by org.testng.reporters.JUnitReportReporter -->
<testsuite hostname="RajasekharaReddy" failures="0" tests="1" name="TestNGparallelTesting.TestngParalleTestingclasses2" time="0.011" errors="0" timestamp="2020-07-30T14:06:29 IST" skipped="0">
  <testcase classname="TestNGparallelTesting.TestngParalleTestingclasses2" name="m4" time="0.011"/>
  <system-out/>
</testsuite> <!-- TestNGparallelTesting.TestngParalleTestingclasses2 -->
