<?xml version="1.0" encoding="UTF-8"?>
<!-- Generated by org.testng.reporters.JUnitReportReporter -->
<testsuite hostname="RajasekharaReddy" failures="0" tests="13" name="TestNGparallelTesting.TestngParalleTestingIndependent" time="0.479" errors="0" timestamp="2020-07-30T14:07:16 IST" skipped="0">
  <testcase classname="TestNGparallelTesting.TestngParalleTestingIndependent" name="independentmethod" time="0.031"/>
  <system-out/>
  <testcase classname="TestNGparallelTesting.TestngParalleTestingIndependent" name="independentmethod" time="0.053"/>
  <system-out/>
  <testcase classname="TestNGparallelTesting.TestngParalleTestingIndependent" name="independentmethod" time="0.028"/>
  <system-out/>
  <testcase classname="TestNGparallelTesting.TestngParalleTestingIndependent" name="independentmethod" time="0.045"/>
  <system-out/>
  <testcase classname="TestNGparallelTesting.TestngParalleTestingIndependent" name="independentmethod" time="0.054"/>
  <system-out/>
  <testcase classname="TestNGparallelTesting.TestngParalleTestingIndependent" name="independentmethod" time="0.031"/>
  <system-out/>
  <testcase classname="TestNGparallelTesting.TestngParalleTestingIndependent" name="independentmethod" time="0.028"/>
  <system-out/>
  <testcase classname="TestNGparallelTesting.TestngParalleTestingIndependent" name="independentmethod" time="0.030"/>
  <system-out/>
  <testcase classname="TestNGparallelTesting.TestngParalleTestingIndependent" name="independentmethod" time="0.028"/>
  <system-out/>
  <testcase classname="TestNGparallelTesting.TestngParalleTestingIndependent" name="independentmethod" time="0.027"/>
  <system-out/>
  <testcase classname="TestNGparallelTesting.TestngParalleTestingIndependent" name="independentmethod" time="0.055"/>
  <system-out/>
  <testcase classname="TestNGparallelTesting.TestngParalleTestingIndependent" name="independentmethod" time="0.041"/>
  <system-out/>
  <testcase classname="TestNGparallelTesting.TestngParalleTestingIndependent" name="independentmethod" time="0.028"/>
  <system-out/>
</testsuite> <!-- TestNGparallelTesting.TestngParalleTestingIndependent -->
