<?xml version="1.0" encoding="UTF-8"?>
<!-- Generated by org.testng.reporters.JUnitReportReporter -->
<testsuite hostname="RajasekharaReddy" failures="0" tests="3" name="TestNGparallelTesting.TestngParalleTestingB" time="0.006" errors="0" timestamp="2020-07-30T12:08:36 IST" skipped="0">
  <testcase classname="TestNGparallelTesting.TestngParalleTestingB" name="m2" time="0.000"/>
  <system-out/>
  <testcase classname="TestNGparallelTesting.TestngParalleTestingB" name="m2" time="0.002"/>
  <system-out/>
  <testcase classname="TestNGparallelTesting.TestngParalleTestingB" name="m2" time="0.004"/>
  <system-out/>
</testsuite> <!-- TestNGparallelTesting.TestngParalleTestingB -->
