<?xml version="1.0" encoding="UTF-8"?>
<!-- Generated by org.testng.reporters.JUnitReportReporter -->
<testsuite hostname="RajasekharaReddy" failures="0" tests="2" name="TestNGparallelTesting.TestngParalleTesting" time="17.128" errors="0" timestamp="2020-07-30T11:59:05 IST" skipped="0">
  <testcase classname="TestNGparallelTesting.TestngParalleTesting" name="setup" time="8.791"/>
  <system-out/>
  <testcase classname="TestNGparallelTesting.TestngParalleTesting" name="setup2" time="8.337"/>
  <system-out/>
</testsuite> <!-- TestNGparallelTesting.TestngParalleTesting -->
