<?xml version="1.0" encoding="UTF-8"?>
<!-- Generated by org.testng.reporters.JUnitReportReporter -->
<testsuite hostname="RajasekharaReddy" failures="0" tests="5" name="TestNGparallelTesting.TestngParalleTestingInstance" time="0.020" errors="0" timestamp="2020-07-30T14:06:29 IST" skipped="0">
  <testcase classname="TestNGparallelTesting.TestngParalleTestingInstance" name="m44" time="0.003"/>
  <system-out/>
  <testcase classname="TestNGparallelTesting.TestngParalleTestingInstance" name="m44444" time="0.002"/>
  <system-out/>
  <testcase classname="TestNGparallelTesting.TestngParalleTestingInstance" name="m444" time="0.007"/>
  <system-out/>
  <testcase classname="TestNGparallelTesting.TestngParalleTestingInstance" name="m4444" time="0.003"/>
  <system-out/>
  <testcase classname="TestNGparallelTesting.TestngParalleTestingInstance" name="m4" time="0.005"/>
  <system-out/>
</testsuite> <!-- TestNGparallelTesting.TestngParalleTestingInstance -->
