<?xml version="1.0" encoding="UTF-8"?>
<!-- Generated by org.testng.reporters.JUnitReportReporter -->
<testsuite hostname="RajasekharaReddy" failures="0" tests="3" name="TestNGparallelTesting.TestngParalleTestingD" time="0.030" errors="0" timestamp="2020-07-30T12:08:36 IST" skipped="0">
  <testcase classname="TestNGparallelTesting.TestngParalleTestingD" name="m4" time="0.022"/>
  <system-out/>
  <testcase classname="TestNGparallelTesting.TestngParalleTestingD" name="m4" time="0.004"/>
  <system-out/>
  <testcase classname="TestNGparallelTesting.TestngParalleTestingD" name="m4" time="0.004"/>
  <system-out/>
</testsuite> <!-- TestNGparallelTesting.TestngParalleTestingD -->
