<?xml version="1.0" encoding="UTF-8"?>
<!-- Generated by org.testng.reporters.JUnitReportReporter -->
<testsuite skipped="0" hostname="RajasekharaReddy" name="confiiguration.StartBrowser" tests="1" failures="0" timestamp="2020-06-25T08:52:57 IST" time="1.445" errors="0">
  <testcase name="get" time="1.445" classname="confiiguration.StartBrowser"/>
  <system-out/>
</testsuite> <!-- confiiguration.StartBrowser -->
