<?xml version="1.0" encoding="UTF-8"?>
<!-- Generated by org.testng.reporters.JUnitReportReporter -->
<testsuite skipped="0" hostname="RajasekharaReddy" name="Scripts.Tc01" tests="1" failures="0" timestamp="2020-06-25T09:53:18 IST" time="1.615" errors="0">
  <testcase name="login" time="1.615" classname="Scripts.Tc01"/>
  <system-out/>
</testsuite> <!-- Scripts.Tc01 -->
